[0.259s] DEBUG:colcon:Command line arguments: ['/usr/bin/colcon', 'build']
[0.259s] DEBUG:colcon:Parsed command line arguments: Namespace(log_base=None, log_level=None, verb_name='build', build_base='build', install_base='install', merge_install=False, symlink_install=False, test_result_base=None, continue_on_error=False, executor='parallel', parallel_workers=8, event_handlers=None, ignore_user_meta=False, metas=['./colcon.meta'], base_paths=['.'], packages_ignore=None, packages_ignore_regex=None, paths=None, packages_up_to=None, packages_up_to_regex=None, packages_above=None, packages_above_and_dependencies=None, packages_above_depth=None, packages_select_by_dep=None, packages_skip_by_dep=None, packages_skip_up_to=None, packages_select_build_failed=False, packages_skip_build_finished=False, packages_select_test_failures=False, packages_skip_test_passed=False, packages_select=None, packages_skip=None, packages_select_regex=None, packages_skip_regex=None, packages_start=None, packages_end=None, allow_overriding=[], cmake_args=None, cmake_target=None, cmake_target_skip_unavailable=False, cmake_clean_cache=False, cmake_clean_first=False, cmake_force_configure=False, ament_cmake_args=None, catkin_cmake_args=None, catkin_skip_building_tests=False, verb_parser=<colcon_defaults.argument_parser.defaults.DefaultArgumentsDecorator object at 0x7f22a37fda50>, verb_extension=<colcon_core.verb.build.BuildVerb object at 0x7f22a373a2f0>, main=<bound method BuildVerb.main of <colcon_core.verb.build.BuildVerb object at 0x7f22a373a2f0>>)
[0.293s] Level 1:colcon.colcon_core.package_discovery:discover_packages(colcon_meta) check parameters
[0.293s] Level 1:colcon.colcon_core.package_discovery:discover_packages(recursive) check parameters
[0.293s] Level 1:colcon.colcon_core.package_discovery:discover_packages(ignore) check parameters
[0.293s] Level 1:colcon.colcon_core.package_discovery:discover_packages(path) check parameters
[0.293s] Level 1:colcon.colcon_core.package_discovery:discover_packages(colcon_meta) discover
[0.294s] Level 1:colcon.colcon_core.package_discovery:discover_packages(recursive) discover
[0.294s] INFO:colcon.colcon_core.package_discovery:Crawling recursively for packages in '/home/ssd2/color_judgement'
[0.294s] Level 1:colcon.colcon_core.package_identification:_identify(.) by extensions ['ignore', 'ignore_ament_install']
[0.294s] Level 1:colcon.colcon_core.package_identification:_identify(.) by extension 'ignore'
[0.294s] Level 1:colcon.colcon_core.package_identification:_identify(.) by extension 'ignore_ament_install'
[0.294s] Level 1:colcon.colcon_core.package_identification:_identify(.) by extensions ['colcon_pkg']
[0.294s] Level 1:colcon.colcon_core.package_identification:_identify(.) by extension 'colcon_pkg'
[0.294s] Level 1:colcon.colcon_core.package_identification:_identify(.) by extensions ['colcon_meta']
[0.294s] Level 1:colcon.colcon_core.package_identification:_identify(.) by extension 'colcon_meta'
[0.294s] Level 1:colcon.colcon_core.package_identification:_identify(.) by extensions ['ros']
[0.294s] Level 1:colcon.colcon_core.package_identification:_identify(.) by extension 'ros'
[0.300s] Level 1:colcon.colcon_core.package_identification:_identify(.) by extensions ['cmake', 'python']
[0.300s] Level 1:colcon.colcon_core.package_identification:_identify(.) by extension 'cmake'
[0.300s] Level 1:colcon.colcon_core.package_identification:_identify(.) by extension 'python'
[0.300s] Level 1:colcon.colcon_core.package_identification:_identify(.) by extensions ['python_setup_py']
[0.300s] Level 1:colcon.colcon_core.package_identification:_identify(.) by extension 'python_setup_py'
[0.300s] Level 1:colcon.colcon_core.package_identification:_identify(build) by extensions ['ignore', 'ignore_ament_install']
[0.300s] Level 1:colcon.colcon_core.package_identification:_identify(build) by extension 'ignore'
[0.300s] Level 1:colcon.colcon_core.package_identification:_identify(build) ignored
[0.300s] Level 1:colcon.colcon_core.package_identification:_identify(install) by extensions ['ignore', 'ignore_ament_install']
[0.300s] Level 1:colcon.colcon_core.package_identification:_identify(install) by extension 'ignore'
[0.301s] Level 1:colcon.colcon_core.package_identification:_identify(install) ignored
[0.301s] Level 1:colcon.colcon_core.package_identification:_identify(log) by extensions ['ignore', 'ignore_ament_install']
[0.301s] Level 1:colcon.colcon_core.package_identification:_identify(log) by extension 'ignore'
[0.301s] Level 1:colcon.colcon_core.package_identification:_identify(log) ignored
[0.301s] Level 1:colcon.colcon_core.package_identification:_identify(src) by extensions ['ignore', 'ignore_ament_install']
[0.301s] Level 1:colcon.colcon_core.package_identification:_identify(src) by extension 'ignore'
[0.301s] Level 1:colcon.colcon_core.package_identification:_identify(src) by extension 'ignore_ament_install'
[0.301s] Level 1:colcon.colcon_core.package_identification:_identify(src) by extensions ['colcon_pkg']
[0.301s] Level 1:colcon.colcon_core.package_identification:_identify(src) by extension 'colcon_pkg'
[0.301s] Level 1:colcon.colcon_core.package_identification:_identify(src) by extensions ['colcon_meta']
[0.301s] Level 1:colcon.colcon_core.package_identification:_identify(src) by extension 'colcon_meta'
[0.301s] Level 1:colcon.colcon_core.package_identification:_identify(src) by extensions ['ros']
[0.301s] Level 1:colcon.colcon_core.package_identification:_identify(src) by extension 'ros'
[0.301s] Level 1:colcon.colcon_core.package_identification:_identify(src) by extensions ['cmake', 'python']
[0.301s] Level 1:colcon.colcon_core.package_identification:_identify(src) by extension 'cmake'
[0.301s] Level 1:colcon.colcon_core.package_identification:_identify(src) by extension 'python'
[0.301s] Level 1:colcon.colcon_core.package_identification:_identify(src) by extensions ['python_setup_py']
[0.301s] Level 1:colcon.colcon_core.package_identification:_identify(src) by extension 'python_setup_py'
[0.301s] Level 1:colcon.colcon_core.package_identification:_identify(src/pyashi) by extensions ['ignore', 'ignore_ament_install']
[0.301s] Level 1:colcon.colcon_core.package_identification:_identify(src/pyashi) by extension 'ignore'
[0.301s] Level 1:colcon.colcon_core.package_identification:_identify(src/pyashi) by extension 'ignore_ament_install'
[0.301s] Level 1:colcon.colcon_core.package_identification:_identify(src/pyashi) by extensions ['colcon_pkg']
[0.301s] Level 1:colcon.colcon_core.package_identification:_identify(src/pyashi) by extension 'colcon_pkg'
[0.301s] Level 1:colcon.colcon_core.package_identification:_identify(src/pyashi) by extensions ['colcon_meta']
[0.301s] Level 1:colcon.colcon_core.package_identification:_identify(src/pyashi) by extension 'colcon_meta'
[0.301s] Level 1:colcon.colcon_core.package_identification:_identify(src/pyashi) by extensions ['ros']
[0.301s] Level 1:colcon.colcon_core.package_identification:_identify(src/pyashi) by extension 'ros'
[0.301s] Level 1:colcon.colcon_core.package_identification:_identify(src/pyashi) by extensions ['cmake', 'python']
[0.301s] Level 1:colcon.colcon_core.package_identification:_identify(src/pyashi) by extension 'cmake'
[0.301s] Level 1:colcon.colcon_core.package_identification:_identify(src/pyashi) by extension 'python'
[0.301s] Level 1:colcon.colcon_core.package_identification:_identify(src/pyashi) by extensions ['python_setup_py']
[0.301s] Level 1:colcon.colcon_core.package_identification:_identify(src/pyashi) by extension 'python_setup_py'
[0.301s] Level 1:colcon.colcon_core.package_identification:_identify(src/usb_cam) by extensions ['ignore', 'ignore_ament_install']
[0.301s] Level 1:colcon.colcon_core.package_identification:_identify(src/usb_cam) by extension 'ignore'
[0.301s] Level 1:colcon.colcon_core.package_identification:_identify(src/usb_cam) by extension 'ignore_ament_install'
[0.301s] Level 1:colcon.colcon_core.package_identification:_identify(src/usb_cam) by extensions ['colcon_pkg']
[0.301s] Level 1:colcon.colcon_core.package_identification:_identify(src/usb_cam) by extension 'colcon_pkg'
[0.302s] Level 1:colcon.colcon_core.package_identification:_identify(src/usb_cam) by extensions ['colcon_meta']
[0.302s] Level 1:colcon.colcon_core.package_identification:_identify(src/usb_cam) by extension 'colcon_meta'
[0.302s] Level 1:colcon.colcon_core.package_identification:_identify(src/usb_cam) by extensions ['ros']
[0.302s] Level 1:colcon.colcon_core.package_identification:_identify(src/usb_cam) by extension 'ros'
[0.303s] DEBUG:colcon.colcon_core.package_identification:Package 'src/usb_cam' with type 'ros.ament_cmake' and name 'usb_cam'
[0.304s] Level 1:colcon.colcon_core.package_discovery:discover_packages(recursive) using defaults
[0.304s] Level 1:colcon.colcon_core.package_discovery:discover_packages(ignore) discover
[0.304s] Level 1:colcon.colcon_core.package_discovery:discover_packages(ignore) using defaults
[0.304s] Level 1:colcon.colcon_core.package_discovery:discover_packages(path) discover
[0.304s] Level 1:colcon.colcon_core.package_discovery:discover_packages(path) using defaults
[0.326s] Level 1:colcon.colcon_core.package_discovery:discover_packages(prefix_path) check parameters
[0.326s] Level 1:colcon.colcon_core.package_discovery:discover_packages(prefix_path) discover
[0.330s] DEBUG:colcon.colcon_installed_package_information.package_discovery:Found 451 installed packages in /opt/ros/humble
[0.331s] Level 1:colcon.colcon_core.package_discovery:discover_packages(prefix_path) using defaults
[0.380s] Level 5:colcon.colcon_core.verb:set package 'usb_cam' build argument 'cmake_args' from command line to 'None'
[0.380s] Level 5:colcon.colcon_core.verb:set package 'usb_cam' build argument 'cmake_target' from command line to 'None'
[0.380s] Level 5:colcon.colcon_core.verb:set package 'usb_cam' build argument 'cmake_target_skip_unavailable' from command line to 'False'
[0.380s] Level 5:colcon.colcon_core.verb:set package 'usb_cam' build argument 'cmake_clean_cache' from command line to 'False'
[0.380s] Level 5:colcon.colcon_core.verb:set package 'usb_cam' build argument 'cmake_clean_first' from command line to 'False'
[0.380s] Level 5:colcon.colcon_core.verb:set package 'usb_cam' build argument 'cmake_force_configure' from command line to 'False'
[0.380s] Level 5:colcon.colcon_core.verb:set package 'usb_cam' build argument 'ament_cmake_args' from command line to 'None'
[0.380s] Level 5:colcon.colcon_core.verb:set package 'usb_cam' build argument 'catkin_cmake_args' from command line to 'None'
[0.380s] Level 5:colcon.colcon_core.verb:set package 'usb_cam' build argument 'catkin_skip_building_tests' from command line to 'False'
[0.380s] DEBUG:colcon.colcon_core.verb:Building package 'usb_cam' with the following arguments: {'ament_cmake_args': None, 'build_base': '/home/ssd2/color_judgement/build/usb_cam', 'catkin_cmake_args': None, 'catkin_skip_building_tests': False, 'cmake_args': None, 'cmake_clean_cache': False, 'cmake_clean_first': False, 'cmake_force_configure': False, 'cmake_target': None, 'cmake_target_skip_unavailable': False, 'install_base': '/home/ssd2/color_judgement/install/usb_cam', 'merge_install': False, 'path': '/home/ssd2/color_judgement/src/usb_cam', 'symlink_install': False, 'test_result_base': None}
[0.381s] INFO:colcon.colcon_core.executor:Executing jobs using 'parallel' executor
[0.383s] DEBUG:colcon.colcon_parallel_executor.executor.parallel:run_until_complete
[0.383s] INFO:colcon.colcon_ros.task.ament_cmake.build:Building ROS package in '/home/ssd2/color_judgement/src/usb_cam' with build type 'ament_cmake'
[0.383s] INFO:colcon.colcon_cmake.task.cmake.build:Building CMake package in '/home/ssd2/color_judgement/src/usb_cam'
[0.392s] INFO:colcon.colcon_core.plugin_system:Skipping extension 'colcon_core.shell.bat': Not used on non-Windows systems
[0.392s] INFO:colcon.colcon_core.shell:Skip shell extension 'powershell' for command environment: Not usable outside of PowerShell
[0.392s] DEBUG:colcon.colcon_core.shell:Skip shell extension 'dsv' for command environment
[0.399s] DEBUG:colcon.colcon_core.event_handler.log_command:Invoking command in '/home/ssd2/color_judgement/build/usb_cam': CMAKE_PREFIX_PATH=/opt/ros/humble /usr/bin/cmake /home/ssd2/color_judgement/src/usb_cam -DCMAKE_INSTALL_PREFIX=/home/ssd2/color_judgement/install/usb_cam
[1.761s] DEBUG:colcon.colcon_core.event_handler.log_command:Invoked command in '/home/ssd2/color_judgement/build/usb_cam' returned '0': CMAKE_PREFIX_PATH=/opt/ros/humble /usr/bin/cmake /home/ssd2/color_judgement/src/usb_cam -DCMAKE_INSTALL_PREFIX=/home/ssd2/color_judgement/install/usb_cam
[1.762s] DEBUG:colcon.colcon_core.event_handler.log_command:Invoking command in '/home/ssd2/color_judgement/build/usb_cam': CMAKE_PREFIX_PATH=/opt/ros/humble /usr/bin/cmake --build /home/ssd2/color_judgement/build/usb_cam -- -j8 -l8
[6.353s] DEBUG:colcon.colcon_core.event_handler.log_command:Invoked command in '/home/ssd2/color_judgement/build/usb_cam' returned '0': CMAKE_PREFIX_PATH=/opt/ros/humble /usr/bin/cmake --build /home/ssd2/color_judgement/build/usb_cam -- -j8 -l8
[6.379s] DEBUG:colcon.colcon_core.event_handler.log_command:Invoking command in '/home/ssd2/color_judgement/build/usb_cam': CMAKE_PREFIX_PATH=/opt/ros/humble /usr/bin/cmake --install /home/ssd2/color_judgement/build/usb_cam
[6.388s] Level 1:colcon.colcon_core.environment:create_environment_scripts_only(usb_cam)
[6.388s] DEBUG:colcon.colcon_core.event_handler.log_command:Invoked command in '/home/ssd2/color_judgement/build/usb_cam' returned '0': CMAKE_PREFIX_PATH=/opt/ros/humble /usr/bin/cmake --install /home/ssd2/color_judgement/build/usb_cam
[6.397s] Level 1:colcon.colcon_core.environment:checking '/home/ssd2/color_judgement/install/usb_cam' for CMake module files
[6.397s] Level 1:colcon.colcon_core.environment:checking '/home/ssd2/color_judgement/install/usb_cam' for CMake config files
[6.398s] Level 1:colcon.colcon_core.shell:create_environment_hook('usb_cam', 'cmake_prefix_path')
[6.398s] INFO:colcon.colcon_core.shell:Creating environment hook '/home/ssd2/color_judgement/install/usb_cam/share/usb_cam/hook/cmake_prefix_path.ps1'
[6.399s] INFO:colcon.colcon_core.shell:Creating environment descriptor '/home/ssd2/color_judgement/install/usb_cam/share/usb_cam/hook/cmake_prefix_path.dsv'
[6.400s] INFO:colcon.colcon_core.shell:Creating environment hook '/home/ssd2/color_judgement/install/usb_cam/share/usb_cam/hook/cmake_prefix_path.sh'
[6.400s] Level 1:colcon.colcon_core.environment:checking '/home/ssd2/color_judgement/install/usb_cam/lib'
[6.400s] Level 1:colcon.colcon_core.shell:create_environment_hook('usb_cam', 'ld_library_path_lib')
[6.401s] INFO:colcon.colcon_core.shell:Creating environment hook '/home/ssd2/color_judgement/install/usb_cam/share/usb_cam/hook/ld_library_path_lib.ps1'
[6.401s] INFO:colcon.colcon_core.shell:Creating environment descriptor '/home/ssd2/color_judgement/install/usb_cam/share/usb_cam/hook/ld_library_path_lib.dsv'
[6.402s] INFO:colcon.colcon_core.shell:Creating environment hook '/home/ssd2/color_judgement/install/usb_cam/share/usb_cam/hook/ld_library_path_lib.sh'
[6.402s] Level 1:colcon.colcon_core.environment:checking '/home/ssd2/color_judgement/install/usb_cam/bin'
[6.402s] Level 1:colcon.colcon_core.environment:checking '/home/ssd2/color_judgement/install/usb_cam/lib/pkgconfig/usb_cam.pc'
[6.402s] Level 1:colcon.colcon_core.environment:checking '/home/ssd2/color_judgement/install/usb_cam/lib/python3.10/site-packages'
[6.402s] Level 1:colcon.colcon_core.environment:checking '/home/ssd2/color_judgement/install/usb_cam/bin'
[6.403s] INFO:colcon.colcon_core.shell:Creating package script '/home/ssd2/color_judgement/install/usb_cam/share/usb_cam/package.ps1'
[6.403s] INFO:colcon.colcon_core.shell:Creating package descriptor '/home/ssd2/color_judgement/install/usb_cam/share/usb_cam/package.dsv'
[6.404s] INFO:colcon.colcon_core.shell:Creating package script '/home/ssd2/color_judgement/install/usb_cam/share/usb_cam/package.sh'
[6.404s] INFO:colcon.colcon_core.shell:Creating package script '/home/ssd2/color_judgement/install/usb_cam/share/usb_cam/package.bash'
[6.405s] INFO:colcon.colcon_core.shell:Creating package script '/home/ssd2/color_judgement/install/usb_cam/share/usb_cam/package.zsh'
[6.406s] Level 1:colcon.colcon_core.environment:create_file_with_runtime_dependencies(/home/ssd2/color_judgement/install/usb_cam/share/colcon-core/packages/usb_cam)
[6.427s] Level 1:colcon.colcon_core.environment:create_environment_scripts_only(usb_cam)
[6.428s] Level 1:colcon.colcon_core.environment:checking '/home/ssd2/color_judgement/install/usb_cam' for CMake module files
[6.428s] Level 1:colcon.colcon_core.environment:checking '/home/ssd2/color_judgement/install/usb_cam' for CMake config files
[6.428s] Level 1:colcon.colcon_core.shell:create_environment_hook('usb_cam', 'cmake_prefix_path')
[6.429s] INFO:colcon.colcon_core.shell:Creating environment hook '/home/ssd2/color_judgement/install/usb_cam/share/usb_cam/hook/cmake_prefix_path.ps1'
[6.429s] INFO:colcon.colcon_core.shell:Creating environment descriptor '/home/ssd2/color_judgement/install/usb_cam/share/usb_cam/hook/cmake_prefix_path.dsv'
[6.429s] INFO:colcon.colcon_core.shell:Creating environment hook '/home/ssd2/color_judgement/install/usb_cam/share/usb_cam/hook/cmake_prefix_path.sh'
[6.430s] Level 1:colcon.colcon_core.environment:checking '/home/ssd2/color_judgement/install/usb_cam/lib'
[6.430s] Level 1:colcon.colcon_core.shell:create_environment_hook('usb_cam', 'ld_library_path_lib')
[6.431s] INFO:colcon.colcon_core.shell:Creating environment hook '/home/ssd2/color_judgement/install/usb_cam/share/usb_cam/hook/ld_library_path_lib.ps1'
[6.431s] INFO:colcon.colcon_core.shell:Creating environment descriptor '/home/ssd2/color_judgement/install/usb_cam/share/usb_cam/hook/ld_library_path_lib.dsv'
[6.431s] INFO:colcon.colcon_core.shell:Creating environment hook '/home/ssd2/color_judgement/install/usb_cam/share/usb_cam/hook/ld_library_path_lib.sh'
[6.431s] Level 1:colcon.colcon_core.environment:checking '/home/ssd2/color_judgement/install/usb_cam/bin'
[6.431s] Level 1:colcon.colcon_core.environment:checking '/home/ssd2/color_judgement/install/usb_cam/lib/pkgconfig/usb_cam.pc'
[6.432s] Level 1:colcon.colcon_core.environment:checking '/home/ssd2/color_judgement/install/usb_cam/lib/python3.10/site-packages'
[6.432s] Level 1:colcon.colcon_core.environment:checking '/home/ssd2/color_judgement/install/usb_cam/bin'
[6.432s] INFO:colcon.colcon_core.shell:Creating package script '/home/ssd2/color_judgement/install/usb_cam/share/usb_cam/package.ps1'
[6.433s] INFO:colcon.colcon_core.shell:Creating package descriptor '/home/ssd2/color_judgement/install/usb_cam/share/usb_cam/package.dsv'
[6.433s] INFO:colcon.colcon_core.shell:Creating package script '/home/ssd2/color_judgement/install/usb_cam/share/usb_cam/package.sh'
[6.433s] INFO:colcon.colcon_core.shell:Creating package script '/home/ssd2/color_judgement/install/usb_cam/share/usb_cam/package.bash'
[6.433s] INFO:colcon.colcon_core.shell:Creating package script '/home/ssd2/color_judgement/install/usb_cam/share/usb_cam/package.zsh'
[6.434s] Level 1:colcon.colcon_core.environment:create_file_with_runtime_dependencies(/home/ssd2/color_judgement/install/usb_cam/share/colcon-core/packages/usb_cam)
[6.434s] DEBUG:colcon.colcon_parallel_executor.executor.parallel:closing loop
[6.434s] DEBUG:colcon.colcon_parallel_executor.executor.parallel:loop closed
[6.434s] DEBUG:colcon.colcon_parallel_executor.executor.parallel:run_until_complete finished with '0'
[6.434s] DEBUG:colcon.colcon_core.event_reactor:joining thread
[6.438s] INFO:colcon.colcon_core.plugin_system:Skipping extension 'colcon_notification.desktop_notification.terminal_notifier': Not used on non-Darwin systems
[6.438s] INFO:colcon.colcon_core.plugin_system:Skipping extension 'colcon_notification.desktop_notification.win32': Not used on non-Windows systems
[6.438s] INFO:colcon.colcon_notification.desktop_notification:Sending desktop notification using 'notify2'
[6.444s] DEBUG:colcon.colcon_core.event_reactor:joined thread
[6.445s] INFO:colcon.colcon_core.shell:Creating prefix script '/home/ssd2/color_judgement/install/local_setup.ps1'
[6.445s] INFO:colcon.colcon_core.shell:Creating prefix util module '/home/ssd2/color_judgement/install/_local_setup_util_ps1.py'
[6.446s] INFO:colcon.colcon_core.shell:Creating prefix chain script '/home/ssd2/color_judgement/install/setup.ps1'
[6.447s] INFO:colcon.colcon_core.shell:Creating prefix script '/home/ssd2/color_judgement/install/local_setup.sh'
[6.448s] INFO:colcon.colcon_core.shell:Creating prefix util module '/home/ssd2/color_judgement/install/_local_setup_util_sh.py'
[6.448s] INFO:colcon.colcon_core.shell:Creating prefix chain script '/home/ssd2/color_judgement/install/setup.sh'
[6.449s] INFO:colcon.colcon_core.shell:Creating prefix script '/home/ssd2/color_judgement/install/local_setup.bash'
[6.449s] INFO:colcon.colcon_core.shell:Creating prefix chain script '/home/ssd2/color_judgement/install/setup.bash'
[6.450s] INFO:colcon.colcon_core.shell:Creating prefix script '/home/ssd2/color_judgement/install/local_setup.zsh'
[6.450s] INFO:colcon.colcon_core.shell:Creating prefix chain script '/home/ssd2/color_judgement/install/setup.zsh'
