[0.674s] DEBUG:colcon:Command line arguments: ['/usr/bin/colcon', 'build']
[0.674s] DEBUG:colcon:Parsed command line arguments: Namespace(log_base=None, log_level=None, verb_name='build', build_base='build', install_base='install', merge_install=False, symlink_install=False, test_result_base=None, continue_on_error=False, executor='parallel', parallel_workers=8, event_handlers=None, ignore_user_meta=False, metas=['./colcon.meta'], base_paths=['.'], packages_ignore=None, packages_ignore_regex=None, paths=None, packages_up_to=None, packages_up_to_regex=None, packages_above=None, packages_above_and_dependencies=None, packages_above_depth=None, packages_select_by_dep=None, packages_skip_by_dep=None, packages_skip_up_to=None, packages_select_build_failed=False, packages_skip_build_finished=False, packages_select_test_failures=False, packages_skip_test_passed=False, packages_select=None, packages_skip=None, packages_select_regex=None, packages_skip_regex=None, packages_start=None, packages_end=None, allow_overriding=[], cmake_args=None, cmake_target=None, cmake_target_skip_unavailable=False, cmake_clean_cache=False, cmake_clean_first=False, cmake_force_configure=False, ament_cmake_args=None, catkin_cmake_args=None, catkin_skip_building_tests=False, verb_parser=<colcon_defaults.argument_parser.defaults.DefaultArgumentsDecorator object at 0x7f5ac0030e20>, verb_extension=<colcon_core.verb.build.BuildVerb object at 0x7f5ac0030100>, main=<bound method BuildVerb.main of <colcon_core.verb.build.BuildVerb object at 0x7f5ac0030100>>)
[0.705s] Level 1:colcon.colcon_core.package_discovery:discover_packages(colcon_meta) check parameters
[0.705s] Level 1:colcon.colcon_core.package_discovery:discover_packages(recursive) check parameters
[0.705s] Level 1:colcon.colcon_core.package_discovery:discover_packages(ignore) check parameters
[0.705s] Level 1:colcon.colcon_core.package_discovery:discover_packages(path) check parameters
[0.705s] Level 1:colcon.colcon_core.package_discovery:discover_packages(colcon_meta) discover
[0.705s] Level 1:colcon.colcon_core.package_discovery:discover_packages(recursive) discover
[0.705s] INFO:colcon.colcon_core.package_discovery:Crawling recursively for packages in '/home/ssd2/color_detect'
[0.705s] Level 1:colcon.colcon_core.package_identification:_identify(.) by extensions ['ignore', 'ignore_ament_install']
[0.705s] Level 1:colcon.colcon_core.package_identification:_identify(.) by extension 'ignore'
[0.705s] Level 1:colcon.colcon_core.package_identification:_identify(.) by extension 'ignore_ament_install'
[0.705s] Level 1:colcon.colcon_core.package_identification:_identify(.) by extensions ['colcon_pkg']
[0.705s] Level 1:colcon.colcon_core.package_identification:_identify(.) by extension 'colcon_pkg'
[0.705s] Level 1:colcon.colcon_core.package_identification:_identify(.) by extensions ['colcon_meta']
[0.705s] Level 1:colcon.colcon_core.package_identification:_identify(.) by extension 'colcon_meta'
[0.705s] Level 1:colcon.colcon_core.package_identification:_identify(.) by extensions ['ros']
[0.705s] Level 1:colcon.colcon_core.package_identification:_identify(.) by extension 'ros'
[0.713s] Level 1:colcon.colcon_core.package_identification:_identify(.) by extensions ['cmake', 'python']
[0.713s] Level 1:colcon.colcon_core.package_identification:_identify(.) by extension 'cmake'
[0.713s] Level 1:colcon.colcon_core.package_identification:_identify(.) by extension 'python'
[0.713s] Level 1:colcon.colcon_core.package_identification:_identify(.) by extensions ['python_setup_py']
[0.713s] Level 1:colcon.colcon_core.package_identification:_identify(.) by extension 'python_setup_py'
[0.713s] Level 1:colcon.colcon_core.package_identification:_identify(build) by extensions ['ignore', 'ignore_ament_install']
[0.713s] Level 1:colcon.colcon_core.package_identification:_identify(build) by extension 'ignore'
[0.713s] Level 1:colcon.colcon_core.package_identification:_identify(build) ignored
[0.713s] Level 1:colcon.colcon_core.package_identification:_identify(install) by extensions ['ignore', 'ignore_ament_install']
[0.713s] Level 1:colcon.colcon_core.package_identification:_identify(install) by extension 'ignore'
[0.713s] Level 1:colcon.colcon_core.package_identification:_identify(install) ignored
[0.713s] Level 1:colcon.colcon_core.package_identification:_identify(log) by extensions ['ignore', 'ignore_ament_install']
[0.713s] Level 1:colcon.colcon_core.package_identification:_identify(log) by extension 'ignore'
[0.713s] Level 1:colcon.colcon_core.package_identification:_identify(log) ignored
[0.713s] Level 1:colcon.colcon_core.package_identification:_identify(src) by extensions ['ignore', 'ignore_ament_install']
[0.713s] Level 1:colcon.colcon_core.package_identification:_identify(src) by extension 'ignore'
[0.713s] Level 1:colcon.colcon_core.package_identification:_identify(src) by extension 'ignore_ament_install'
[0.713s] Level 1:colcon.colcon_core.package_identification:_identify(src) by extensions ['colcon_pkg']
[0.713s] Level 1:colcon.colcon_core.package_identification:_identify(src) by extension 'colcon_pkg'
[0.713s] Level 1:colcon.colcon_core.package_identification:_identify(src) by extensions ['colcon_meta']
[0.713s] Level 1:colcon.colcon_core.package_identification:_identify(src) by extension 'colcon_meta'
[0.713s] Level 1:colcon.colcon_core.package_identification:_identify(src) by extensions ['ros']
[0.713s] Level 1:colcon.colcon_core.package_identification:_identify(src) by extension 'ros'
[0.713s] Level 1:colcon.colcon_core.package_identification:_identify(src) by extensions ['cmake', 'python']
[0.713s] Level 1:colcon.colcon_core.package_identification:_identify(src) by extension 'cmake'
[0.713s] Level 1:colcon.colcon_core.package_identification:_identify(src) by extension 'python'
[0.713s] Level 1:colcon.colcon_core.package_identification:_identify(src) by extensions ['python_setup_py']
[0.713s] Level 1:colcon.colcon_core.package_identification:_identify(src) by extension 'python_setup_py'
[0.714s] Level 1:colcon.colcon_core.package_identification:_identify(src/__pycache__) by extensions ['ignore', 'ignore_ament_install']
[0.714s] Level 1:colcon.colcon_core.package_identification:_identify(src/__pycache__) by extension 'ignore'
[0.714s] Level 1:colcon.colcon_core.package_identification:_identify(src/__pycache__) by extension 'ignore_ament_install'
[0.714s] Level 1:colcon.colcon_core.package_identification:_identify(src/__pycache__) by extensions ['colcon_pkg']
[0.714s] Level 1:colcon.colcon_core.package_identification:_identify(src/__pycache__) by extension 'colcon_pkg'
[0.714s] Level 1:colcon.colcon_core.package_identification:_identify(src/__pycache__) by extensions ['colcon_meta']
[0.714s] Level 1:colcon.colcon_core.package_identification:_identify(src/__pycache__) by extension 'colcon_meta'
[0.714s] Level 1:colcon.colcon_core.package_identification:_identify(src/__pycache__) by extensions ['ros']
[0.714s] Level 1:colcon.colcon_core.package_identification:_identify(src/__pycache__) by extension 'ros'
[0.714s] Level 1:colcon.colcon_core.package_identification:_identify(src/__pycache__) by extensions ['cmake', 'python']
[0.714s] Level 1:colcon.colcon_core.package_identification:_identify(src/__pycache__) by extension 'cmake'
[0.714s] Level 1:colcon.colcon_core.package_identification:_identify(src/__pycache__) by extension 'python'
[0.714s] Level 1:colcon.colcon_core.package_identification:_identify(src/__pycache__) by extensions ['python_setup_py']
[0.714s] Level 1:colcon.colcon_core.package_identification:_identify(src/__pycache__) by extension 'python_setup_py'
[0.714s] Level 1:colcon.colcon_core.package_identification:_identify(src/usb_cam) by extensions ['ignore', 'ignore_ament_install']
[0.714s] Level 1:colcon.colcon_core.package_identification:_identify(src/usb_cam) by extension 'ignore'
[0.714s] Level 1:colcon.colcon_core.package_identification:_identify(src/usb_cam) by extension 'ignore_ament_install'
[0.714s] Level 1:colcon.colcon_core.package_identification:_identify(src/usb_cam) by extensions ['colcon_pkg']
[0.714s] Level 1:colcon.colcon_core.package_identification:_identify(src/usb_cam) by extension 'colcon_pkg'
[0.714s] Level 1:colcon.colcon_core.package_identification:_identify(src/usb_cam) by extensions ['colcon_meta']
[0.714s] Level 1:colcon.colcon_core.package_identification:_identify(src/usb_cam) by extension 'colcon_meta'
[0.714s] Level 1:colcon.colcon_core.package_identification:_identify(src/usb_cam) by extensions ['ros']
[0.714s] Level 1:colcon.colcon_core.package_identification:_identify(src/usb_cam) by extension 'ros'
[0.716s] DEBUG:colcon.colcon_core.package_identification:Package 'src/usb_cam' with type 'ros.ament_cmake' and name 'usb_cam'
[0.716s] Level 1:colcon.colcon_core.package_discovery:discover_packages(recursive) using defaults
[0.716s] Level 1:colcon.colcon_core.package_discovery:discover_packages(ignore) discover
[0.716s] Level 1:colcon.colcon_core.package_discovery:discover_packages(ignore) using defaults
[0.716s] Level 1:colcon.colcon_core.package_discovery:discover_packages(path) discover
[0.716s] Level 1:colcon.colcon_core.package_discovery:discover_packages(path) using defaults
[0.778s] Level 1:colcon.colcon_core.package_discovery:discover_packages(prefix_path) check parameters
[0.778s] Level 1:colcon.colcon_core.package_discovery:discover_packages(prefix_path) discover
[0.798s] DEBUG:colcon.colcon_installed_package_information.package_discovery:Found 1 installed packages in /home/ssd2/color_detect/install
[0.809s] DEBUG:colcon.colcon_installed_package_information.package_discovery:Found 453 installed packages in /opt/ros/humble
[0.810s] Level 1:colcon.colcon_core.package_discovery:discover_packages(prefix_path) using defaults
[0.895s] Level 5:colcon.colcon_core.verb:set package 'usb_cam' build argument 'cmake_args' from command line to 'None'
[0.895s] Level 5:colcon.colcon_core.verb:set package 'usb_cam' build argument 'cmake_target' from command line to 'None'
[0.895s] Level 5:colcon.colcon_core.verb:set package 'usb_cam' build argument 'cmake_target_skip_unavailable' from command line to 'False'
[0.895s] Level 5:colcon.colcon_core.verb:set package 'usb_cam' build argument 'cmake_clean_cache' from command line to 'False'
[0.895s] Level 5:colcon.colcon_core.verb:set package 'usb_cam' build argument 'cmake_clean_first' from command line to 'False'
[0.895s] Level 5:colcon.colcon_core.verb:set package 'usb_cam' build argument 'cmake_force_configure' from command line to 'False'
[0.895s] Level 5:colcon.colcon_core.verb:set package 'usb_cam' build argument 'ament_cmake_args' from command line to 'None'
[0.896s] Level 5:colcon.colcon_core.verb:set package 'usb_cam' build argument 'catkin_cmake_args' from command line to 'None'
[0.896s] Level 5:colcon.colcon_core.verb:set package 'usb_cam' build argument 'catkin_skip_building_tests' from command line to 'False'
[0.896s] DEBUG:colcon.colcon_core.verb:Building package 'usb_cam' with the following arguments: {'ament_cmake_args': None, 'build_base': '/home/ssd2/color_detect/build/usb_cam', 'catkin_cmake_args': None, 'catkin_skip_building_tests': False, 'cmake_args': None, 'cmake_clean_cache': False, 'cmake_clean_first': False, 'cmake_force_configure': False, 'cmake_target': None, 'cmake_target_skip_unavailable': False, 'install_base': '/home/ssd2/color_detect/install/usb_cam', 'merge_install': False, 'path': '/home/ssd2/color_detect/src/usb_cam', 'symlink_install': False, 'test_result_base': None}
[0.906s] INFO:colcon.colcon_core.executor:Executing jobs using 'parallel' executor
[0.916s] DEBUG:colcon.colcon_parallel_executor.executor.parallel:run_until_complete
[0.916s] INFO:colcon.colcon_ros.task.ament_cmake.build:Building ROS package in '/home/ssd2/color_detect/src/usb_cam' with build type 'ament_cmake'
[0.916s] INFO:colcon.colcon_cmake.task.cmake.build:Building CMake package in '/home/ssd2/color_detect/src/usb_cam'
[0.928s] INFO:colcon.colcon_core.plugin_system:Skipping extension 'colcon_core.shell.bat': Not used on non-Windows systems
[0.928s] INFO:colcon.colcon_core.shell:Skip shell extension 'powershell' for command environment: Not usable outside of PowerShell
[0.928s] DEBUG:colcon.colcon_core.shell:Skip shell extension 'dsv' for command environment
[0.966s] DEBUG:colcon.colcon_core.event_handler.log_command:Invoking command in '/home/ssd2/color_detect/build/usb_cam': CMAKE_PREFIX_PATH=${CMAKE_PREFIX_PATH}:/opt/ros/humble /usr/bin/cmake --build /home/ssd2/color_detect/build/usb_cam -- -j8 -l8
[1.032s] DEBUG:colcon.colcon_core.event_handler.log_command:Invoked command in '/home/ssd2/color_detect/build/usb_cam' returned '0': CMAKE_PREFIX_PATH=${CMAKE_PREFIX_PATH}:/opt/ros/humble /usr/bin/cmake --build /home/ssd2/color_detect/build/usb_cam -- -j8 -l8
[1.065s] DEBUG:colcon.colcon_core.event_handler.log_command:Invoking command in '/home/ssd2/color_detect/build/usb_cam': CMAKE_PREFIX_PATH=${CMAKE_PREFIX_PATH}:/opt/ros/humble /usr/bin/cmake --install /home/ssd2/color_detect/build/usb_cam
[1.075s] Level 1:colcon.colcon_core.environment:create_environment_scripts_only(usb_cam)
[1.075s] DEBUG:colcon.colcon_core.event_handler.log_command:Invoked command in '/home/ssd2/color_detect/build/usb_cam' returned '0': CMAKE_PREFIX_PATH=${CMAKE_PREFIX_PATH}:/opt/ros/humble /usr/bin/cmake --install /home/ssd2/color_detect/build/usb_cam
[1.087s] Level 1:colcon.colcon_core.environment:checking '/home/ssd2/color_detect/install/usb_cam' for CMake module files
[1.088s] Level 1:colcon.colcon_core.environment:checking '/home/ssd2/color_detect/install/usb_cam' for CMake config files
[1.088s] Level 1:colcon.colcon_core.shell:create_environment_hook('usb_cam', 'cmake_prefix_path')
[1.098s] INFO:colcon.colcon_core.shell:Creating environment hook '/home/ssd2/color_detect/install/usb_cam/share/usb_cam/hook/cmake_prefix_path.ps1'
[1.098s] INFO:colcon.colcon_core.shell:Creating environment descriptor '/home/ssd2/color_detect/install/usb_cam/share/usb_cam/hook/cmake_prefix_path.dsv'
[1.099s] INFO:colcon.colcon_core.shell:Creating environment hook '/home/ssd2/color_detect/install/usb_cam/share/usb_cam/hook/cmake_prefix_path.sh'
[1.099s] Level 1:colcon.colcon_core.environment:checking '/home/ssd2/color_detect/install/usb_cam/lib'
[1.099s] Level 1:colcon.colcon_core.shell:create_environment_hook('usb_cam', 'ld_library_path_lib')
[1.110s] INFO:colcon.colcon_core.shell:Creating environment hook '/home/ssd2/color_detect/install/usb_cam/share/usb_cam/hook/ld_library_path_lib.ps1'
[1.110s] INFO:colcon.colcon_core.shell:Creating environment descriptor '/home/ssd2/color_detect/install/usb_cam/share/usb_cam/hook/ld_library_path_lib.dsv'
[1.110s] INFO:colcon.colcon_core.shell:Creating environment hook '/home/ssd2/color_detect/install/usb_cam/share/usb_cam/hook/ld_library_path_lib.sh'
[1.110s] Level 1:colcon.colcon_core.environment:checking '/home/ssd2/color_detect/install/usb_cam/bin'
[1.111s] Level 1:colcon.colcon_core.environment:checking '/home/ssd2/color_detect/install/usb_cam/lib/pkgconfig/usb_cam.pc'
[1.111s] Level 1:colcon.colcon_core.environment:checking '/home/ssd2/color_detect/install/usb_cam/lib/python3.10/site-packages'
[1.111s] Level 1:colcon.colcon_core.environment:checking '/home/ssd2/color_detect/install/usb_cam/bin'
[1.121s] INFO:colcon.colcon_core.shell:Creating package script '/home/ssd2/color_detect/install/usb_cam/share/usb_cam/package.ps1'
[1.122s] INFO:colcon.colcon_core.shell:Creating package descriptor '/home/ssd2/color_detect/install/usb_cam/share/usb_cam/package.dsv'
[1.122s] INFO:colcon.colcon_core.shell:Creating package script '/home/ssd2/color_detect/install/usb_cam/share/usb_cam/package.sh'
[1.123s] INFO:colcon.colcon_core.shell:Creating package script '/home/ssd2/color_detect/install/usb_cam/share/usb_cam/package.bash'
[1.123s] INFO:colcon.colcon_core.shell:Creating package script '/home/ssd2/color_detect/install/usb_cam/share/usb_cam/package.zsh'
[1.123s] Level 1:colcon.colcon_core.environment:create_file_with_runtime_dependencies(/home/ssd2/color_detect/install/usb_cam/share/colcon-core/packages/usb_cam)
[1.159s] Level 1:colcon.colcon_core.environment:create_environment_scripts_only(usb_cam)
[1.170s] Level 1:colcon.colcon_core.environment:checking '/home/ssd2/color_detect/install/usb_cam' for CMake module files
[1.170s] Level 1:colcon.colcon_core.environment:checking '/home/ssd2/color_detect/install/usb_cam' for CMake config files
[1.171s] Level 1:colcon.colcon_core.shell:create_environment_hook('usb_cam', 'cmake_prefix_path')
[1.181s] INFO:colcon.colcon_core.shell:Creating environment hook '/home/ssd2/color_detect/install/usb_cam/share/usb_cam/hook/cmake_prefix_path.ps1'
[1.181s] INFO:colcon.colcon_core.shell:Creating environment descriptor '/home/ssd2/color_detect/install/usb_cam/share/usb_cam/hook/cmake_prefix_path.dsv'
[1.181s] INFO:colcon.colcon_core.shell:Creating environment hook '/home/ssd2/color_detect/install/usb_cam/share/usb_cam/hook/cmake_prefix_path.sh'
[1.182s] Level 1:colcon.colcon_core.environment:checking '/home/ssd2/color_detect/install/usb_cam/lib'
[1.182s] Level 1:colcon.colcon_core.shell:create_environment_hook('usb_cam', 'ld_library_path_lib')
[1.192s] INFO:colcon.colcon_core.shell:Creating environment hook '/home/ssd2/color_detect/install/usb_cam/share/usb_cam/hook/ld_library_path_lib.ps1'
[1.192s] INFO:colcon.colcon_core.shell:Creating environment descriptor '/home/ssd2/color_detect/install/usb_cam/share/usb_cam/hook/ld_library_path_lib.dsv'
[1.192s] INFO:colcon.colcon_core.shell:Creating environment hook '/home/ssd2/color_detect/install/usb_cam/share/usb_cam/hook/ld_library_path_lib.sh'
[1.192s] Level 1:colcon.colcon_core.environment:checking '/home/ssd2/color_detect/install/usb_cam/bin'
[1.192s] Level 1:colcon.colcon_core.environment:checking '/home/ssd2/color_detect/install/usb_cam/lib/pkgconfig/usb_cam.pc'
[1.193s] Level 1:colcon.colcon_core.environment:checking '/home/ssd2/color_detect/install/usb_cam/lib/python3.10/site-packages'
[1.193s] Level 1:colcon.colcon_core.environment:checking '/home/ssd2/color_detect/install/usb_cam/bin'
[1.204s] INFO:colcon.colcon_core.shell:Creating package script '/home/ssd2/color_detect/install/usb_cam/share/usb_cam/package.ps1'
[1.204s] INFO:colcon.colcon_core.shell:Creating package descriptor '/home/ssd2/color_detect/install/usb_cam/share/usb_cam/package.dsv'
[1.204s] INFO:colcon.colcon_core.shell:Creating package script '/home/ssd2/color_detect/install/usb_cam/share/usb_cam/package.sh'
[1.205s] INFO:colcon.colcon_core.shell:Creating package script '/home/ssd2/color_detect/install/usb_cam/share/usb_cam/package.bash'
[1.205s] INFO:colcon.colcon_core.shell:Creating package script '/home/ssd2/color_detect/install/usb_cam/share/usb_cam/package.zsh'
[1.205s] Level 1:colcon.colcon_core.environment:create_file_with_runtime_dependencies(/home/ssd2/color_detect/install/usb_cam/share/colcon-core/packages/usb_cam)
[1.206s] DEBUG:colcon.colcon_parallel_executor.executor.parallel:closing loop
[1.206s] DEBUG:colcon.colcon_parallel_executor.executor.parallel:loop closed
[1.206s] DEBUG:colcon.colcon_parallel_executor.executor.parallel:run_until_complete finished with '0'
[1.206s] DEBUG:colcon.colcon_core.event_reactor:joining thread
[1.220s] INFO:colcon.colcon_core.plugin_system:Skipping extension 'colcon_notification.desktop_notification.terminal_notifier': Not used on non-Darwin systems
[1.220s] INFO:colcon.colcon_core.plugin_system:Skipping extension 'colcon_notification.desktop_notification.win32': Not used on non-Windows systems
[1.220s] INFO:colcon.colcon_notification.desktop_notification:Sending desktop notification using 'notify2'
[1.227s] DEBUG:colcon.colcon_core.event_reactor:joined thread
[1.238s] INFO:colcon.colcon_core.shell:Creating prefix script '/home/ssd2/color_detect/install/local_setup.ps1'
[1.239s] INFO:colcon.colcon_core.shell:Creating prefix util module '/home/ssd2/color_detect/install/_local_setup_util_ps1.py'
[1.239s] INFO:colcon.colcon_core.shell:Creating prefix chain script '/home/ssd2/color_detect/install/setup.ps1'
[1.250s] INFO:colcon.colcon_core.shell:Creating prefix script '/home/ssd2/color_detect/install/local_setup.sh'
[1.250s] INFO:colcon.colcon_core.shell:Creating prefix util module '/home/ssd2/color_detect/install/_local_setup_util_sh.py'
[1.251s] INFO:colcon.colcon_core.shell:Creating prefix chain script '/home/ssd2/color_detect/install/setup.sh'
[1.261s] INFO:colcon.colcon_core.shell:Creating prefix script '/home/ssd2/color_detect/install/local_setup.bash'
[1.261s] INFO:colcon.colcon_core.shell:Creating prefix chain script '/home/ssd2/color_detect/install/setup.bash'
[1.272s] INFO:colcon.colcon_core.shell:Creating prefix script '/home/ssd2/color_detect/install/local_setup.zsh'
[1.272s] INFO:colcon.colcon_core.shell:Creating prefix chain script '/home/ssd2/color_detect/install/setup.zsh'
