[0.673s] DEBUG:colcon:Command line arguments: ['/usr/bin/colcon', 'build']
[0.673s] DEBUG:colcon:Parsed command line arguments: Namespace(log_base=None, log_level=None, verb_name='build', build_base='build', install_base='install', merge_install=False, symlink_install=False, test_result_base=None, continue_on_error=False, executor='parallel', parallel_workers=8, event_handlers=None, ignore_user_meta=False, metas=['./colcon.meta'], base_paths=['.'], packages_ignore=None, packages_ignore_regex=None, paths=None, packages_up_to=None, packages_up_to_regex=None, packages_above=None, packages_above_and_dependencies=None, packages_above_depth=None, packages_select_by_dep=None, packages_skip_by_dep=None, packages_skip_up_to=None, packages_select_build_failed=False, packages_skip_build_finished=False, packages_select_test_failures=False, packages_skip_test_passed=False, packages_select=None, packages_skip=None, packages_select_regex=None, packages_skip_regex=None, packages_start=None, packages_end=None, allow_overriding=[], cmake_args=None, cmake_target=None, cmake_target_skip_unavailable=False, cmake_clean_cache=False, cmake_clean_first=False, cmake_force_configure=False, ament_cmake_args=None, catkin_cmake_args=None, catkin_skip_building_tests=False, verb_parser=<colcon_defaults.argument_parser.defaults.DefaultArgumentsDecorator object at 0x7f1422630dc0>, verb_extension=<colcon_core.verb.build.BuildVerb object at 0x7f1422631b70>, main=<bound method BuildVerb.main of <colcon_core.verb.build.BuildVerb object at 0x7f1422631b70>>)
[0.704s] Level 1:colcon.colcon_core.package_discovery:discover_packages(colcon_meta) check parameters
[0.705s] Level 1:colcon.colcon_core.package_discovery:discover_packages(recursive) check parameters
[0.705s] Level 1:colcon.colcon_core.package_discovery:discover_packages(ignore) check parameters
[0.705s] Level 1:colcon.colcon_core.package_discovery:discover_packages(path) check parameters
[0.705s] Level 1:colcon.colcon_core.package_discovery:discover_packages(colcon_meta) discover
[0.705s] Level 1:colcon.colcon_core.package_discovery:discover_packages(recursive) discover
[0.705s] INFO:colcon.colcon_core.package_discovery:Crawling recursively for packages in '/home/ssd2/color_detect'
[0.705s] Level 1:colcon.colcon_core.package_identification:_identify(.) by extensions ['ignore', 'ignore_ament_install']
[0.705s] Level 1:colcon.colcon_core.package_identification:_identify(.) by extension 'ignore'
[0.705s] Level 1:colcon.colcon_core.package_identification:_identify(.) by extension 'ignore_ament_install'
[0.705s] Level 1:colcon.colcon_core.package_identification:_identify(.) by extensions ['colcon_pkg']
[0.705s] Level 1:colcon.colcon_core.package_identification:_identify(.) by extension 'colcon_pkg'
[0.705s] Level 1:colcon.colcon_core.package_identification:_identify(.) by extensions ['colcon_meta']
[0.705s] Level 1:colcon.colcon_core.package_identification:_identify(.) by extension 'colcon_meta'
[0.705s] Level 1:colcon.colcon_core.package_identification:_identify(.) by extensions ['ros']
[0.705s] Level 1:colcon.colcon_core.package_identification:_identify(.) by extension 'ros'
[0.712s] Level 1:colcon.colcon_core.package_identification:_identify(.) by extensions ['cmake', 'python']
[0.712s] Level 1:colcon.colcon_core.package_identification:_identify(.) by extension 'cmake'
[0.712s] Level 1:colcon.colcon_core.package_identification:_identify(.) by extension 'python'
[0.712s] Level 1:colcon.colcon_core.package_identification:_identify(.) by extensions ['python_setup_py']
[0.712s] Level 1:colcon.colcon_core.package_identification:_identify(.) by extension 'python_setup_py'
[0.712s] Level 1:colcon.colcon_core.package_identification:_identify(build) by extensions ['ignore', 'ignore_ament_install']
[0.712s] Level 1:colcon.colcon_core.package_identification:_identify(build) by extension 'ignore'
[0.712s] Level 1:colcon.colcon_core.package_identification:_identify(build) ignored
[0.712s] Level 1:colcon.colcon_core.package_identification:_identify(install) by extensions ['ignore', 'ignore_ament_install']
[0.712s] Level 1:colcon.colcon_core.package_identification:_identify(install) by extension 'ignore'
[0.712s] Level 1:colcon.colcon_core.package_identification:_identify(install) ignored
[0.713s] Level 1:colcon.colcon_core.package_identification:_identify(log) by extensions ['ignore', 'ignore_ament_install']
[0.713s] Level 1:colcon.colcon_core.package_identification:_identify(log) by extension 'ignore'
[0.713s] Level 1:colcon.colcon_core.package_identification:_identify(log) ignored
[0.713s] Level 1:colcon.colcon_core.package_identification:_identify(src) by extensions ['ignore', 'ignore_ament_install']
[0.713s] Level 1:colcon.colcon_core.package_identification:_identify(src) by extension 'ignore'
[0.713s] Level 1:colcon.colcon_core.package_identification:_identify(src) by extension 'ignore_ament_install'
[0.713s] Level 1:colcon.colcon_core.package_identification:_identify(src) by extensions ['colcon_pkg']
[0.713s] Level 1:colcon.colcon_core.package_identification:_identify(src) by extension 'colcon_pkg'
[0.713s] Level 1:colcon.colcon_core.package_identification:_identify(src) by extensions ['colcon_meta']
[0.713s] Level 1:colcon.colcon_core.package_identification:_identify(src) by extension 'colcon_meta'
[0.713s] Level 1:colcon.colcon_core.package_identification:_identify(src) by extensions ['ros']
[0.713s] Level 1:colcon.colcon_core.package_identification:_identify(src) by extension 'ros'
[0.713s] Level 1:colcon.colcon_core.package_identification:_identify(src) by extensions ['cmake', 'python']
[0.713s] Level 1:colcon.colcon_core.package_identification:_identify(src) by extension 'cmake'
[0.713s] Level 1:colcon.colcon_core.package_identification:_identify(src) by extension 'python'
[0.713s] Level 1:colcon.colcon_core.package_identification:_identify(src) by extensions ['python_setup_py']
[0.713s] Level 1:colcon.colcon_core.package_identification:_identify(src) by extension 'python_setup_py'
[0.713s] Level 1:colcon.colcon_core.package_identification:_identify(src/__pycache__) by extensions ['ignore', 'ignore_ament_install']
[0.713s] Level 1:colcon.colcon_core.package_identification:_identify(src/__pycache__) by extension 'ignore'
[0.713s] Level 1:colcon.colcon_core.package_identification:_identify(src/__pycache__) by extension 'ignore_ament_install'
[0.713s] Level 1:colcon.colcon_core.package_identification:_identify(src/__pycache__) by extensions ['colcon_pkg']
[0.713s] Level 1:colcon.colcon_core.package_identification:_identify(src/__pycache__) by extension 'colcon_pkg'
[0.713s] Level 1:colcon.colcon_core.package_identification:_identify(src/__pycache__) by extensions ['colcon_meta']
[0.713s] Level 1:colcon.colcon_core.package_identification:_identify(src/__pycache__) by extension 'colcon_meta'
[0.713s] Level 1:colcon.colcon_core.package_identification:_identify(src/__pycache__) by extensions ['ros']
[0.713s] Level 1:colcon.colcon_core.package_identification:_identify(src/__pycache__) by extension 'ros'
[0.713s] Level 1:colcon.colcon_core.package_identification:_identify(src/__pycache__) by extensions ['cmake', 'python']
[0.713s] Level 1:colcon.colcon_core.package_identification:_identify(src/__pycache__) by extension 'cmake'
[0.713s] Level 1:colcon.colcon_core.package_identification:_identify(src/__pycache__) by extension 'python'
[0.713s] Level 1:colcon.colcon_core.package_identification:_identify(src/__pycache__) by extensions ['python_setup_py']
[0.713s] Level 1:colcon.colcon_core.package_identification:_identify(src/__pycache__) by extension 'python_setup_py'
[0.713s] Level 1:colcon.colcon_core.package_identification:_identify(src/usb_cam) by extensions ['ignore', 'ignore_ament_install']
[0.713s] Level 1:colcon.colcon_core.package_identification:_identify(src/usb_cam) by extension 'ignore'
[0.713s] Level 1:colcon.colcon_core.package_identification:_identify(src/usb_cam) by extension 'ignore_ament_install'
[0.714s] Level 1:colcon.colcon_core.package_identification:_identify(src/usb_cam) by extensions ['colcon_pkg']
[0.714s] Level 1:colcon.colcon_core.package_identification:_identify(src/usb_cam) by extension 'colcon_pkg'
[0.714s] Level 1:colcon.colcon_core.package_identification:_identify(src/usb_cam) by extensions ['colcon_meta']
[0.714s] Level 1:colcon.colcon_core.package_identification:_identify(src/usb_cam) by extension 'colcon_meta'
[0.714s] Level 1:colcon.colcon_core.package_identification:_identify(src/usb_cam) by extensions ['ros']
[0.714s] Level 1:colcon.colcon_core.package_identification:_identify(src/usb_cam) by extension 'ros'
[0.716s] DEBUG:colcon.colcon_core.package_identification:Package 'src/usb_cam' with type 'ros.ament_cmake' and name 'usb_cam'
[0.716s] Level 1:colcon.colcon_core.package_discovery:discover_packages(recursive) using defaults
[0.716s] Level 1:colcon.colcon_core.package_discovery:discover_packages(ignore) discover
[0.716s] Level 1:colcon.colcon_core.package_discovery:discover_packages(ignore) using defaults
[0.716s] Level 1:colcon.colcon_core.package_discovery:discover_packages(path) discover
[0.716s] Level 1:colcon.colcon_core.package_discovery:discover_packages(path) using defaults
[0.778s] Level 1:colcon.colcon_core.package_discovery:discover_packages(prefix_path) check parameters
[0.778s] Level 1:colcon.colcon_core.package_discovery:discover_packages(prefix_path) discover
[0.788s] WARNING:colcon.colcon_ros.prefix_path.ament:The path '/home/ssd2/color_detect/install/usb_cam' in the environment variable AMENT_PREFIX_PATH doesn't exist
[0.788s] WARNING:colcon.colcon_ros.prefix_path.catkin:The path '/home/ssd2/color_detect/install/usb_cam' in the environment variable CMAKE_PREFIX_PATH doesn't exist
[0.799s] DEBUG:colcon.colcon_installed_package_information.package_discovery:Found 0 installed packages in /home/ssd2/color_detect/install
[0.810s] DEBUG:colcon.colcon_installed_package_information.package_discovery:Found 453 installed packages in /opt/ros/humble
[0.811s] Level 1:colcon.colcon_core.package_discovery:discover_packages(prefix_path) using defaults
[0.897s] Level 5:colcon.colcon_core.verb:set package 'usb_cam' build argument 'cmake_args' from command line to 'None'
[0.897s] Level 5:colcon.colcon_core.verb:set package 'usb_cam' build argument 'cmake_target' from command line to 'None'
[0.897s] Level 5:colcon.colcon_core.verb:set package 'usb_cam' build argument 'cmake_target_skip_unavailable' from command line to 'False'
[0.897s] Level 5:colcon.colcon_core.verb:set package 'usb_cam' build argument 'cmake_clean_cache' from command line to 'False'
[0.897s] Level 5:colcon.colcon_core.verb:set package 'usb_cam' build argument 'cmake_clean_first' from command line to 'False'
[0.897s] Level 5:colcon.colcon_core.verb:set package 'usb_cam' build argument 'cmake_force_configure' from command line to 'False'
[0.897s] Level 5:colcon.colcon_core.verb:set package 'usb_cam' build argument 'ament_cmake_args' from command line to 'None'
[0.897s] Level 5:colcon.colcon_core.verb:set package 'usb_cam' build argument 'catkin_cmake_args' from command line to 'None'
[0.897s] Level 5:colcon.colcon_core.verb:set package 'usb_cam' build argument 'catkin_skip_building_tests' from command line to 'False'
[0.897s] DEBUG:colcon.colcon_core.verb:Building package 'usb_cam' with the following arguments: {'ament_cmake_args': None, 'build_base': '/home/ssd2/color_detect/build/usb_cam', 'catkin_cmake_args': None, 'catkin_skip_building_tests': False, 'cmake_args': None, 'cmake_clean_cache': False, 'cmake_clean_first': False, 'cmake_force_configure': False, 'cmake_target': None, 'cmake_target_skip_unavailable': False, 'install_base': '/home/ssd2/color_detect/install/usb_cam', 'merge_install': False, 'path': '/home/ssd2/color_detect/src/usb_cam', 'symlink_install': False, 'test_result_base': None}
[0.907s] INFO:colcon.colcon_core.executor:Executing jobs using 'parallel' executor
[0.917s] DEBUG:colcon.colcon_parallel_executor.executor.parallel:run_until_complete
[0.917s] INFO:colcon.colcon_ros.task.ament_cmake.build:Building ROS package in '/home/ssd2/color_detect/src/usb_cam' with build type 'ament_cmake'
[0.917s] INFO:colcon.colcon_cmake.task.cmake.build:Building CMake package in '/home/ssd2/color_detect/src/usb_cam'
[0.928s] INFO:colcon.colcon_core.plugin_system:Skipping extension 'colcon_core.shell.bat': Not used on non-Windows systems
[0.929s] INFO:colcon.colcon_core.shell:Skip shell extension 'powershell' for command environment: Not usable outside of PowerShell
[0.929s] DEBUG:colcon.colcon_core.shell:Skip shell extension 'dsv' for command environment
[0.965s] DEBUG:colcon.colcon_core.event_handler.log_command:Invoking command in '/home/ssd2/color_detect/build/usb_cam': CMAKE_PREFIX_PATH=${CMAKE_PREFIX_PATH}:/opt/ros/humble /usr/bin/cmake /home/ssd2/color_detect/src/usb_cam -DCMAKE_INSTALL_PREFIX=/home/ssd2/color_detect/install/usb_cam
[2.225s] DEBUG:colcon.colcon_core.event_handler.log_command:Invoked command in '/home/ssd2/color_detect/build/usb_cam' returned '0': CMAKE_PREFIX_PATH=${CMAKE_PREFIX_PATH}:/opt/ros/humble /usr/bin/cmake /home/ssd2/color_detect/src/usb_cam -DCMAKE_INSTALL_PREFIX=/home/ssd2/color_detect/install/usb_cam
[2.225s] DEBUG:colcon.colcon_core.event_handler.log_command:Invoking command in '/home/ssd2/color_detect/build/usb_cam': CMAKE_PREFIX_PATH=${CMAKE_PREFIX_PATH}:/opt/ros/humble /usr/bin/cmake --build /home/ssd2/color_detect/build/usb_cam -- -j8 -l8
[7.130s] DEBUG:colcon.colcon_core.event_handler.log_command:Invoked command in '/home/ssd2/color_detect/build/usb_cam' returned '0': CMAKE_PREFIX_PATH=${CMAKE_PREFIX_PATH}:/opt/ros/humble /usr/bin/cmake --build /home/ssd2/color_detect/build/usb_cam -- -j8 -l8
[7.162s] DEBUG:colcon.colcon_core.event_handler.log_command:Invoking command in '/home/ssd2/color_detect/build/usb_cam': CMAKE_PREFIX_PATH=${CMAKE_PREFIX_PATH}:/opt/ros/humble /usr/bin/cmake --install /home/ssd2/color_detect/build/usb_cam
[7.178s] Level 1:colcon.colcon_core.environment:create_environment_scripts_only(usb_cam)
[7.179s] DEBUG:colcon.colcon_core.event_handler.log_command:Invoked command in '/home/ssd2/color_detect/build/usb_cam' returned '0': CMAKE_PREFIX_PATH=${CMAKE_PREFIX_PATH}:/opt/ros/humble /usr/bin/cmake --install /home/ssd2/color_detect/build/usb_cam
[7.190s] Level 1:colcon.colcon_core.environment:checking '/home/ssd2/color_detect/install/usb_cam' for CMake module files
[7.190s] Level 1:colcon.colcon_core.environment:checking '/home/ssd2/color_detect/install/usb_cam' for CMake config files
[7.191s] Level 1:colcon.colcon_core.shell:create_environment_hook('usb_cam', 'cmake_prefix_path')
[7.201s] INFO:colcon.colcon_core.shell:Creating environment hook '/home/ssd2/color_detect/install/usb_cam/share/usb_cam/hook/cmake_prefix_path.ps1'
[7.201s] INFO:colcon.colcon_core.shell:Creating environment descriptor '/home/ssd2/color_detect/install/usb_cam/share/usb_cam/hook/cmake_prefix_path.dsv'
[7.201s] INFO:colcon.colcon_core.shell:Creating environment hook '/home/ssd2/color_detect/install/usb_cam/share/usb_cam/hook/cmake_prefix_path.sh'
[7.202s] Level 1:colcon.colcon_core.environment:checking '/home/ssd2/color_detect/install/usb_cam/lib'
[7.202s] Level 1:colcon.colcon_core.shell:create_environment_hook('usb_cam', 'ld_library_path_lib')
[7.212s] INFO:colcon.colcon_core.shell:Creating environment hook '/home/ssd2/color_detect/install/usb_cam/share/usb_cam/hook/ld_library_path_lib.ps1'
[7.212s] INFO:colcon.colcon_core.shell:Creating environment descriptor '/home/ssd2/color_detect/install/usb_cam/share/usb_cam/hook/ld_library_path_lib.dsv'
[7.213s] INFO:colcon.colcon_core.shell:Creating environment hook '/home/ssd2/color_detect/install/usb_cam/share/usb_cam/hook/ld_library_path_lib.sh'
[7.213s] Level 1:colcon.colcon_core.environment:checking '/home/ssd2/color_detect/install/usb_cam/bin'
[7.213s] Level 1:colcon.colcon_core.environment:checking '/home/ssd2/color_detect/install/usb_cam/lib/pkgconfig/usb_cam.pc'
[7.213s] Level 1:colcon.colcon_core.environment:checking '/home/ssd2/color_detect/install/usb_cam/lib/python3.10/site-packages'
[7.213s] Level 1:colcon.colcon_core.environment:checking '/home/ssd2/color_detect/install/usb_cam/bin'
[7.223s] INFO:colcon.colcon_core.shell:Creating package script '/home/ssd2/color_detect/install/usb_cam/share/usb_cam/package.ps1'
[7.224s] INFO:colcon.colcon_core.shell:Creating package descriptor '/home/ssd2/color_detect/install/usb_cam/share/usb_cam/package.dsv'
[7.224s] INFO:colcon.colcon_core.shell:Creating package script '/home/ssd2/color_detect/install/usb_cam/share/usb_cam/package.sh'
[7.224s] INFO:colcon.colcon_core.shell:Creating package script '/home/ssd2/color_detect/install/usb_cam/share/usb_cam/package.bash'
[7.225s] INFO:colcon.colcon_core.shell:Creating package script '/home/ssd2/color_detect/install/usb_cam/share/usb_cam/package.zsh'
[7.225s] Level 1:colcon.colcon_core.environment:create_file_with_runtime_dependencies(/home/ssd2/color_detect/install/usb_cam/share/colcon-core/packages/usb_cam)
[7.261s] Level 1:colcon.colcon_core.environment:create_environment_scripts_only(usb_cam)
[7.272s] Level 1:colcon.colcon_core.environment:checking '/home/ssd2/color_detect/install/usb_cam' for CMake module files
[7.272s] Level 1:colcon.colcon_core.environment:checking '/home/ssd2/color_detect/install/usb_cam' for CMake config files
[7.272s] Level 1:colcon.colcon_core.shell:create_environment_hook('usb_cam', 'cmake_prefix_path')
[7.282s] INFO:colcon.colcon_core.shell:Creating environment hook '/home/ssd2/color_detect/install/usb_cam/share/usb_cam/hook/cmake_prefix_path.ps1'
[7.283s] INFO:colcon.colcon_core.shell:Creating environment descriptor '/home/ssd2/color_detect/install/usb_cam/share/usb_cam/hook/cmake_prefix_path.dsv'
[7.283s] INFO:colcon.colcon_core.shell:Creating environment hook '/home/ssd2/color_detect/install/usb_cam/share/usb_cam/hook/cmake_prefix_path.sh'
[7.283s] Level 1:colcon.colcon_core.environment:checking '/home/ssd2/color_detect/install/usb_cam/lib'
[7.283s] Level 1:colcon.colcon_core.shell:create_environment_hook('usb_cam', 'ld_library_path_lib')
[7.293s] INFO:colcon.colcon_core.shell:Creating environment hook '/home/ssd2/color_detect/install/usb_cam/share/usb_cam/hook/ld_library_path_lib.ps1'
[7.294s] INFO:colcon.colcon_core.shell:Creating environment descriptor '/home/ssd2/color_detect/install/usb_cam/share/usb_cam/hook/ld_library_path_lib.dsv'
[7.294s] INFO:colcon.colcon_core.shell:Creating environment hook '/home/ssd2/color_detect/install/usb_cam/share/usb_cam/hook/ld_library_path_lib.sh'
[7.294s] Level 1:colcon.colcon_core.environment:checking '/home/ssd2/color_detect/install/usb_cam/bin'
[7.294s] Level 1:colcon.colcon_core.environment:checking '/home/ssd2/color_detect/install/usb_cam/lib/pkgconfig/usb_cam.pc'
[7.294s] Level 1:colcon.colcon_core.environment:checking '/home/ssd2/color_detect/install/usb_cam/lib/python3.10/site-packages'
[7.294s] Level 1:colcon.colcon_core.environment:checking '/home/ssd2/color_detect/install/usb_cam/bin'
[7.304s] INFO:colcon.colcon_core.shell:Creating package script '/home/ssd2/color_detect/install/usb_cam/share/usb_cam/package.ps1'
[7.305s] INFO:colcon.colcon_core.shell:Creating package descriptor '/home/ssd2/color_detect/install/usb_cam/share/usb_cam/package.dsv'
[7.305s] INFO:colcon.colcon_core.shell:Creating package script '/home/ssd2/color_detect/install/usb_cam/share/usb_cam/package.sh'
[7.305s] INFO:colcon.colcon_core.shell:Creating package script '/home/ssd2/color_detect/install/usb_cam/share/usb_cam/package.bash'
[7.305s] INFO:colcon.colcon_core.shell:Creating package script '/home/ssd2/color_detect/install/usb_cam/share/usb_cam/package.zsh'
[7.305s] Level 1:colcon.colcon_core.environment:create_file_with_runtime_dependencies(/home/ssd2/color_detect/install/usb_cam/share/colcon-core/packages/usb_cam)
[7.306s] DEBUG:colcon.colcon_parallel_executor.executor.parallel:closing loop
[7.306s] DEBUG:colcon.colcon_parallel_executor.executor.parallel:loop closed
[7.306s] DEBUG:colcon.colcon_parallel_executor.executor.parallel:run_until_complete finished with '0'
[7.306s] DEBUG:colcon.colcon_core.event_reactor:joining thread
[7.319s] INFO:colcon.colcon_core.plugin_system:Skipping extension 'colcon_notification.desktop_notification.terminal_notifier': Not used on non-Darwin systems
[7.320s] INFO:colcon.colcon_core.plugin_system:Skipping extension 'colcon_notification.desktop_notification.win32': Not used on non-Windows systems
[7.320s] INFO:colcon.colcon_notification.desktop_notification:Sending desktop notification using 'notify2'
[7.326s] DEBUG:colcon.colcon_core.event_reactor:joined thread
[7.338s] INFO:colcon.colcon_core.shell:Creating prefix script '/home/ssd2/color_detect/install/local_setup.ps1'
[7.339s] INFO:colcon.colcon_core.shell:Creating prefix util module '/home/ssd2/color_detect/install/_local_setup_util_ps1.py'
[7.340s] INFO:colcon.colcon_core.shell:Creating prefix chain script '/home/ssd2/color_detect/install/setup.ps1'
[7.350s] INFO:colcon.colcon_core.shell:Creating prefix script '/home/ssd2/color_detect/install/local_setup.sh'
[7.350s] INFO:colcon.colcon_core.shell:Creating prefix util module '/home/ssd2/color_detect/install/_local_setup_util_sh.py'
[7.351s] INFO:colcon.colcon_core.shell:Creating prefix chain script '/home/ssd2/color_detect/install/setup.sh'
[7.361s] INFO:colcon.colcon_core.shell:Creating prefix script '/home/ssd2/color_detect/install/local_setup.bash'
[7.361s] INFO:colcon.colcon_core.shell:Creating prefix chain script '/home/ssd2/color_detect/install/setup.bash'
[7.372s] INFO:colcon.colcon_core.shell:Creating prefix script '/home/ssd2/color_detect/install/local_setup.zsh'
[7.372s] INFO:colcon.colcon_core.shell:Creating prefix chain script '/home/ssd2/color_detect/install/setup.zsh'
