[0.015s] Invoking command in '/home/ssd2/color_judgement/build/usb_cam': CMAKE_PREFIX_PATH=/opt/ros/humble /usr/bin/cmake /home/ssd2/color_judgement/src/usb_cam -DCMAKE_INSTALL_PREFIX=/home/ssd2/color_judgement/install/usb_cam
[0.083s] -- The C compiler identification is GNU 11.4.0
[0.158s] -- The CXX compiler identification is GNU 11.4.0
[0.165s] -- Detecting C compiler ABI info
[0.218s] -- Detecting C compiler ABI info - done
[0.226s] -- Check for working C compiler: /usr/bin/cc - skipped
[0.227s] -- Detecting C compile features
[0.227s] -- Detecting C compile features - done
[0.230s] -- Detecting CXX compiler ABI info
[0.287s] -- Detecting CXX compiler ABI info - done
[0.292s] -- Check for working CXX compiler: /usr/bin/c++ - skipped
[0.292s] -- Detecting CXX compile features
[0.292s] -- Detecting CXX compile features - done
[0.295s] -- Found ament_cmake_auto: 1.3.5 (/opt/ros/humble/share/ament_cmake_auto/cmake)
[0.413s] -- Found Python3: /usr/bin/python3.10 (found version "3.10.12") found components: Interpreter 
[0.571s] -- Found rosidl_generator_c: 3.1.5 (/opt/ros/humble/share/rosidl_generator_c/cmake)
[0.576s] -- Found rosidl_adapter: 3.1.5 (/opt/ros/humble/share/rosidl_adapter/cmake)
[0.585s] -- Found rosidl_generator_cpp: 3.1.5 (/opt/ros/humble/share/rosidl_generator_cpp/cmake)
[0.598s] -- Using all available rosidl_typesupport_c: rosidl_typesupport_fastrtps_c;rosidl_typesupport_introspection_c
[0.615s] -- Using all available rosidl_typesupport_cpp: rosidl_typesupport_fastrtps_cpp;rosidl_typesupport_introspection_cpp
[0.819s] -- Found rmw_implementation_cmake: 6.1.1 (/opt/ros/humble/share/rmw_implementation_cmake/cmake)
[0.822s] -- Found rmw_cyclonedds_cpp: 1.3.4 (/opt/ros/humble/share/rmw_cyclonedds_cpp/cmake)
[0.853s] -- Using RMW implementation 'rmw_cyclonedds_cpp' as default
[0.862s] -- Looking for pthread.h
[0.920s] -- Looking for pthread.h - found
[0.920s] -- Performing Test CMAKE_HAVE_LIBC_PTHREAD
[0.966s] -- Performing Test CMAKE_HAVE_LIBC_PTHREAD - Success
[0.967s] -- Found Threads: TRUE  
[1.218s] -- Found OpenCV: /usr (found version "4.5.4") 
[1.221s] -- Found PkgConfig: /usr/bin/pkg-config (found version "0.29.2") 
[1.221s] -- Checking for module 'libavcodec'
[1.230s] --   Found libavcodec, version 58.134.100
[1.247s] -- Checking for module 'libavutil'
[1.254s] --   Found libavutil, version 56.70.100
[1.276s] -- Checking for module 'libswscale'
[1.287s] --   Found libswscale, version 5.9.100
[1.309s] -- Found ament_lint_auto: 0.12.7 (/opt/ros/humble/share/ament_lint_auto/cmake)
[1.332s] -- Found gtest sources under '/opt/ros/humble/src/gtest_vendor': C++ tests using 'Google Test' will be built
[1.341s] -- Added test 'copyright' to check source files copyright and LICENSE
[1.343s] -- Added test 'cppcheck' to perform static code analysis on C / C++ code
[1.343s] -- Configured cppcheck include dirs: /home/ssd2/color_judgement/src/usb_cam/include
[1.343s] -- Configured cppcheck exclude dirs and/or files: 
[1.345s] -- Added test 'cpplint' to check C / C++ code against the Google style
[1.345s] -- Configured cpplint exclude dirs and/or files: 
[1.346s] -- Added test 'flake8' to check Python code syntax and style conventions
[1.346s] -- Added test 'lint_cmake' to check CMake code style
[1.347s] -- Added test 'pep257' to check Python code against some of the docstring style conventions in PEP 257
[1.349s] -- Added test 'uncrustify' to check C / C++ code style
[1.349s] -- Configured uncrustify additional arguments: 
[1.349s] -- Added test 'xmllint' to check XML markup files
[1.352s] -- Configuring done
[1.368s] -- Generating done
[1.369s] -- Build files have been written to: /home/ssd2/color_judgement/build/usb_cam
[1.377s] Invoked command in '/home/ssd2/color_judgement/build/usb_cam' returned '0': CMAKE_PREFIX_PATH=/opt/ros/humble /usr/bin/cmake /home/ssd2/color_judgement/src/usb_cam -DCMAKE_INSTALL_PREFIX=/home/ssd2/color_judgement/install/usb_cam
[1.378s] Invoking command in '/home/ssd2/color_judgement/build/usb_cam': CMAKE_PREFIX_PATH=/opt/ros/humble /usr/bin/cmake --build /home/ssd2/color_judgement/build/usb_cam -- -j8 -l8
[1.407s] [ 28%] [32mBuilding CXX object gtest/CMakeFiles/gtest.dir/src/gtest-all.cc.o[0m
[1.407s] [ 28%] [32mBuilding CXX object CMakeFiles/usb_cam.dir/src/usb_cam.cpp.o[0m
[1.407s] [ 28%] [32mBuilding CXX object CMakeFiles/usb_cam_node_exe.dir/rclcpp_components/node_main_usb_cam_node_exe.cpp.o[0m
[1.407s] [ 28%] [32mBuilding CXX object gtest/CMakeFiles/gtest_main.dir/src/gtest_main.cc.o[0m
[1.858s] [ 35%] [32m[1mLinking CXX static library libgtest_main.a[0m
[1.883s] [ 35%] Built target gtest_main
[2.302s] [ 42%] [32m[1mLinking CXX shared library libusb_cam.so[0m
[2.481s] [ 42%] Built target usb_cam
[2.495s] [ 50%] [32mBuilding CXX object CMakeFiles/usb_cam_node.dir/src/usb_cam_node.cpp.o[0m
[3.476s] [ 57%] [32m[1mLinking CXX static library libgtest.a[0m
[3.512s] [ 57%] Built target gtest
[3.525s] [ 71%] [32mBuilding CXX object CMakeFiles/test_usb_cam_utils.dir/test/test_usb_cam_utils.cpp.o[0m
[3.525s] [ 71%] [32mBuilding CXX object CMakeFiles/test_pixel_formats.dir/test/test_pixel_formats.cpp.o[0m
[3.730s] [ 78%] [32m[1mLinking CXX executable usb_cam_node_exe[0m
[3.834s] [ 78%] Built target usb_cam_node_exe
[4.028s] [ 85%] [32m[1mLinking CXX executable test_pixel_formats[0m
[4.068s] [ 92%] [32m[1mLinking CXX executable test_usb_cam_utils[0m
[4.154s] [ 92%] Built target test_pixel_formats
[4.179s] [ 92%] Built target test_usb_cam_utils
[5.798s] [100%] [32m[1mLinking CXX shared library libusb_cam_node.so[0m
[5.963s] [100%] Built target usb_cam_node
[5.969s] Invoked command in '/home/ssd2/color_judgement/build/usb_cam' returned '0': CMAKE_PREFIX_PATH=/opt/ros/humble /usr/bin/cmake --build /home/ssd2/color_judgement/build/usb_cam -- -j8 -l8
[5.995s] Invoking command in '/home/ssd2/color_judgement/build/usb_cam': CMAKE_PREFIX_PATH=/opt/ros/humble /usr/bin/cmake --install /home/ssd2/color_judgement/build/usb_cam
[5.999s] -- Install configuration: ""
[5.999s] -- Installing: /home/ssd2/color_judgement/install/usb_cam/share/usb_cam/environment/library_path.sh
[5.999s] -- Installing: /home/ssd2/color_judgement/install/usb_cam/share/usb_cam/environment/library_path.dsv
[5.999s] -- Installing: /home/ssd2/color_judgement/install/usb_cam/lib/usb_cam/usb_cam_node_exe
[5.999s] -- Set runtime path of "/home/ssd2/color_judgement/install/usb_cam/lib/usb_cam/usb_cam_node_exe" to ""
[5.999s] -- Installing: /home/ssd2/color_judgement/install/usb_cam/lib/usb_cam/show_image.py
[5.999s] -- Installing: /home/ssd2/color_judgement/install/usb_cam/lib/libusb_cam.so
[6.000s] -- Installing: /home/ssd2/color_judgement/install/usb_cam/lib/libusb_cam_node.so
[6.001s] -- Set runtime path of "/home/ssd2/color_judgement/install/usb_cam/lib/libusb_cam_node.so" to ""
[6.001s] -- Installing: /home/ssd2/color_judgement/install/usb_cam/include
[6.001s] -- Installing: /home/ssd2/color_judgement/install/usb_cam/include/usb_cam
[6.001s] -- Installing: /home/ssd2/color_judgement/install/usb_cam/include/usb_cam/usb_cam_node.hpp
[6.001s] -- Installing: /home/ssd2/color_judgement/install/usb_cam/include/usb_cam/usb_cam.hpp
[6.001s] -- Installing: /home/ssd2/color_judgement/install/usb_cam/include/usb_cam/constants.hpp
[6.001s] -- Installing: /home/ssd2/color_judgement/install/usb_cam/include/usb_cam/utils.hpp
[6.001s] -- Installing: /home/ssd2/color_judgement/install/usb_cam/include/usb_cam/formats
[6.001s] -- Installing: /home/ssd2/color_judgement/install/usb_cam/include/usb_cam/formats/rgb.hpp
[6.001s] -- Installing: /home/ssd2/color_judgement/install/usb_cam/include/usb_cam/formats/pixel_format_base.hpp
[6.001s] -- Installing: /home/ssd2/color_judgement/install/usb_cam/include/usb_cam/formats/m420.hpp
[6.001s] -- Installing: /home/ssd2/color_judgement/install/usb_cam/include/usb_cam/formats/uyvy.hpp
[6.001s] -- Installing: /home/ssd2/color_judgement/install/usb_cam/include/usb_cam/formats/mjpeg.hpp
[6.001s] -- Installing: /home/ssd2/color_judgement/install/usb_cam/include/usb_cam/formats/utils.hpp
[6.001s] -- Installing: /home/ssd2/color_judgement/install/usb_cam/include/usb_cam/formats/mono.hpp
[6.001s] -- Installing: /home/ssd2/color_judgement/install/usb_cam/include/usb_cam/formats/yuyv.hpp
[6.001s] -- Installing: /home/ssd2/color_judgement/install/usb_cam/include/usb_cam/conversions.hpp
[6.001s] -- Up-to-date: /home/ssd2/color_judgement/install/usb_cam/lib/libusb_cam_node.so
[6.002s] -- Installing: /home/ssd2/color_judgement/install/usb_cam/share/usb_cam/launch
[6.002s] -- Installing: /home/ssd2/color_judgement/install/usb_cam/share/usb_cam/launch/__init__.py
[6.002s] -- Installing: /home/ssd2/color_judgement/install/usb_cam/share/usb_cam/launch/camera.launch.py
[6.002s] -- Installing: /home/ssd2/color_judgement/install/usb_cam/share/usb_cam/launch/camera_config.py
[6.002s] -- Installing: /home/ssd2/color_judgement/install/usb_cam/share/usb_cam/config
[6.002s] -- Installing: /home/ssd2/color_judgement/install/usb_cam/share/usb_cam/config/params_2.yaml
[6.002s] -- Installing: /home/ssd2/color_judgement/install/usb_cam/share/usb_cam/config/params_1.yaml
[6.002s] -- Installing: /home/ssd2/color_judgement/install/usb_cam/share/usb_cam/config/camera_info.yaml
[6.002s] -- Installing: /home/ssd2/color_judgement/install/usb_cam/share/ament_index/resource_index/package_run_dependencies/usb_cam
[6.002s] -- Installing: /home/ssd2/color_judgement/install/usb_cam/share/ament_index/resource_index/parent_prefix_path/usb_cam
[6.002s] -- Installing: /home/ssd2/color_judgement/install/usb_cam/share/usb_cam/environment/ament_prefix_path.sh
[6.002s] -- Installing: /home/ssd2/color_judgement/install/usb_cam/share/usb_cam/environment/ament_prefix_path.dsv
[6.002s] -- Installing: /home/ssd2/color_judgement/install/usb_cam/share/usb_cam/environment/path.sh
[6.002s] -- Installing: /home/ssd2/color_judgement/install/usb_cam/share/usb_cam/environment/path.dsv
[6.002s] -- Installing: /home/ssd2/color_judgement/install/usb_cam/share/usb_cam/local_setup.bash
[6.002s] -- Installing: /home/ssd2/color_judgement/install/usb_cam/share/usb_cam/local_setup.sh
[6.002s] -- Installing: /home/ssd2/color_judgement/install/usb_cam/share/usb_cam/local_setup.zsh
[6.002s] -- Installing: /home/ssd2/color_judgement/install/usb_cam/share/usb_cam/local_setup.dsv
[6.002s] -- Installing: /home/ssd2/color_judgement/install/usb_cam/share/usb_cam/package.dsv
[6.002s] -- Installing: /home/ssd2/color_judgement/install/usb_cam/share/ament_index/resource_index/packages/usb_cam
[6.003s] -- Installing: /home/ssd2/color_judgement/install/usb_cam/share/ament_index/resource_index/rclcpp_components/usb_cam
[6.003s] -- Installing: /home/ssd2/color_judgement/install/usb_cam/share/usb_cam/cmake/ament_cmake_export_libraries-extras.cmake
[6.003s] -- Installing: /home/ssd2/color_judgement/install/usb_cam/share/usb_cam/cmake/ament_cmake_export_dependencies-extras.cmake
[6.003s] -- Installing: /home/ssd2/color_judgement/install/usb_cam/share/usb_cam/cmake/ament_cmake_export_include_directories-extras.cmake
[6.003s] -- Installing: /home/ssd2/color_judgement/install/usb_cam/share/usb_cam/cmake/usb_camConfig.cmake
[6.003s] -- Installing: /home/ssd2/color_judgement/install/usb_cam/share/usb_cam/cmake/usb_camConfig-version.cmake
[6.003s] -- Installing: /home/ssd2/color_judgement/install/usb_cam/share/usb_cam/package.xml
[6.004s] Invoked command in '/home/ssd2/color_judgement/build/usb_cam' returned '0': CMAKE_PREFIX_PATH=/opt/ros/humble /usr/bin/cmake --install /home/ssd2/color_judgement/build/usb_cam
