[0.048s] Invoking command in '/home/ssd2/color_detect/build/usb_cam': CMAKE_PREFIX_PATH=${CMAKE_PREFIX_PATH}:/opt/ros/humble /usr/bin/cmake /home/ssd2/color_detect/src/usb_cam -DCMAKE_INSTALL_PREFIX=/home/ssd2/color_detect/install/usb_cam
[0.084s] -- The C compiler identification is GNU 11.4.0
[0.126s] -- The CXX compiler identification is GNU 11.4.0
[0.131s] -- Detecting C compiler ABI info
[0.187s] -- Detecting C compiler ABI info - done
[0.193s] -- Check for working C compiler: /usr/bin/cc - skipped
[0.193s] -- Detecting C compile features
[0.193s] -- Detecting C compile features - done
[0.196s] -- Detecting CXX compiler ABI info
[0.258s] -- Detecting CXX compiler ABI info - done
[0.263s] -- Check for working CXX compiler: /usr/bin/c++ - skipped
[0.263s] -- Detecting CXX compile features
[0.263s] -- Detecting CXX compile features - done
[0.265s] -- Found ament_cmake_auto: 1.3.5 (/opt/ros/humble/share/ament_cmake_auto/cmake)
[0.385s] -- Found Python3: /usr/bin/python3.10 (found version "3.10.12") found components: Interpreter 
[0.517s] -- Found rosidl_generator_c: 3.1.5 (/opt/ros/humble/share/rosidl_generator_c/cmake)
[0.520s] -- Found rosidl_adapter: 3.1.5 (/opt/ros/humble/share/rosidl_adapter/cmake)
[0.526s] -- Found rosidl_generator_cpp: 3.1.5 (/opt/ros/humble/share/rosidl_generator_cpp/cmake)
[0.535s] -- Using all available rosidl_typesupport_c: rosidl_typesupport_fastrtps_c;rosidl_typesupport_introspection_c
[0.549s] -- Using all available rosidl_typesupport_cpp: rosidl_typesupport_fastrtps_cpp;rosidl_typesupport_introspection_cpp
[0.736s] -- Found rmw_implementation_cmake: 6.1.1 (/opt/ros/humble/share/rmw_implementation_cmake/cmake)
[0.738s] -- Found rmw_cyclonedds_cpp: 1.3.4 (/opt/ros/humble/share/rmw_cyclonedds_cpp/cmake)
[0.759s] -- Using RMW implementation 'rmw_cyclonedds_cpp' as default
[0.766s] -- Looking for pthread.h
[0.814s] -- Looking for pthread.h - found
[0.814s] -- Performing Test CMAKE_HAVE_LIBC_PTHREAD
[0.881s] -- Performing Test CMAKE_HAVE_LIBC_PTHREAD - Success
[0.882s] -- Found Threads: TRUE  
[1.104s] -- Found OpenCV: /usr (found version "4.5.4") 
[1.107s] -- Found PkgConfig: /usr/bin/pkg-config (found version "0.29.2") 
[1.108s] -- Checking for module 'libavcodec'
[1.115s] --   Found libavcodec, version 58.134.100
[1.138s] -- Checking for module 'libavutil'
[1.146s] --   Found libavutil, version 56.70.100
[1.174s] -- Checking for module 'libswscale'
[1.190s] --   Found libswscale, version 5.9.100
[1.249s] -- Found ament_lint_auto: 0.12.8 (/opt/ros/humble/share/ament_lint_auto/cmake)
[1.264s] -- Found gtest sources under '/opt/ros/humble/src/gtest_vendor': C++ tests using 'Google Test' will be built
[1.270s] -- Added test 'copyright' to check source files copyright and LICENSE
[1.272s] -- Added test 'cppcheck' to perform static code analysis on C / C++ code
[1.272s] -- Configured cppcheck include dirs: /home/ssd2/color_detect/src/usb_cam/include
[1.273s] -- Configured cppcheck exclude dirs and/or files: 
[1.274s] -- Added test 'cpplint' to check C / C++ code against the Google style
[1.275s] -- Configured cpplint exclude dirs and/or files: 
[1.275s] -- Added test 'flake8' to check Python code syntax and style conventions
[1.276s] -- Added test 'lint_cmake' to check CMake code style
[1.276s] -- Added test 'pep257' to check Python code against some of the docstring style conventions in PEP 257
[1.278s] -- Added test 'uncrustify' to check C / C++ code style
[1.278s] -- Configured uncrustify additional arguments: 
[1.278s] -- Added test 'xmllint' to check XML markup files
[1.280s] -- Configuring done
[1.297s] -- Generating done
[1.298s] -- Build files have been written to: /home/ssd2/color_detect/build/usb_cam
[1.307s] Invoked command in '/home/ssd2/color_detect/build/usb_cam' returned '0': CMAKE_PREFIX_PATH=${CMAKE_PREFIX_PATH}:/opt/ros/humble /usr/bin/cmake /home/ssd2/color_detect/src/usb_cam -DCMAKE_INSTALL_PREFIX=/home/ssd2/color_detect/install/usb_cam
[1.308s] Invoking command in '/home/ssd2/color_detect/build/usb_cam': CMAKE_PREFIX_PATH=${CMAKE_PREFIX_PATH}:/opt/ros/humble /usr/bin/cmake --build /home/ssd2/color_detect/build/usb_cam -- -j8 -l8
[1.342s] [ 14%] [32mBuilding CXX object CMakeFiles/usb_cam_node_exe.dir/rclcpp_components/node_main_usb_cam_node_exe.cpp.o[0m
[1.342s] [ 14%] [32mBuilding CXX object gtest/CMakeFiles/gtest.dir/src/gtest-all.cc.o[0m
[1.343s] [ 21%] [32mBuilding CXX object gtest/CMakeFiles/gtest_main.dir/src/gtest_main.cc.o[0m
[1.344s] [ 28%] [32mBuilding CXX object CMakeFiles/usb_cam.dir/src/usb_cam.cpp.o[0m
[1.795s] [ 35%] [32m[1mLinking CXX static library libgtest_main.a[0m
[1.819s] [ 35%] Built target gtest_main
[2.315s] [ 42%] [32m[1mLinking CXX shared library libusb_cam.so[0m
[2.460s] [ 42%] Built target usb_cam
[2.475s] [ 50%] [32mBuilding CXX object CMakeFiles/usb_cam_node.dir/src/usb_cam_node.cpp.o[0m
[3.542s] [ 57%] [32m[1mLinking CXX static library libgtest.a[0m
[3.585s] [ 57%] Built target gtest
[3.600s] [ 71%] [32mBuilding CXX object CMakeFiles/test_pixel_formats.dir/test/test_pixel_formats.cpp.o[0m
[3.601s] [ 71%] [32mBuilding CXX object CMakeFiles/test_usb_cam_utils.dir/test/test_usb_cam_utils.cpp.o[0m
[3.772s] [ 78%] [32m[1mLinking CXX executable usb_cam_node_exe[0m
[3.873s] [ 78%] Built target usb_cam_node_exe
[4.163s] [ 85%] [32m[1mLinking CXX executable test_pixel_formats[0m
[4.207s] [ 92%] [32m[1mLinking CXX executable test_usb_cam_utils[0m
[4.299s] [ 92%] Built target test_pixel_formats
[4.341s] [ 92%] Built target test_usb_cam_utils
[6.036s] [100%] [32m[1mLinking CXX shared library libusb_cam_node.so[0m
[6.204s] [100%] Built target usb_cam_node
[6.212s] Invoked command in '/home/ssd2/color_detect/build/usb_cam' returned '0': CMAKE_PREFIX_PATH=${CMAKE_PREFIX_PATH}:/opt/ros/humble /usr/bin/cmake --build /home/ssd2/color_detect/build/usb_cam -- -j8 -l8
[6.245s] Invoking command in '/home/ssd2/color_detect/build/usb_cam': CMAKE_PREFIX_PATH=${CMAKE_PREFIX_PATH}:/opt/ros/humble /usr/bin/cmake --install /home/ssd2/color_detect/build/usb_cam
[6.253s] -- Install configuration: ""
[6.253s] -- Installing: /home/ssd2/color_detect/install/usb_cam/share/usb_cam/environment/library_path.sh
[6.253s] -- Installing: /home/ssd2/color_detect/install/usb_cam/share/usb_cam/environment/library_path.dsv
[6.253s] -- Installing: /home/ssd2/color_detect/install/usb_cam/lib/usb_cam/usb_cam_node_exe
[6.253s] -- Set runtime path of "/home/ssd2/color_detect/install/usb_cam/lib/usb_cam/usb_cam_node_exe" to ""
[6.254s] -- Installing: /home/ssd2/color_detect/install/usb_cam/lib/usb_cam/show_image.py
[6.254s] -- Installing: /home/ssd2/color_detect/install/usb_cam/lib/libusb_cam.so
[6.255s] -- Installing: /home/ssd2/color_detect/install/usb_cam/lib/libusb_cam_node.so
[6.256s] -- Set runtime path of "/home/ssd2/color_detect/install/usb_cam/lib/libusb_cam_node.so" to ""
[6.257s] -- Installing: /home/ssd2/color_detect/install/usb_cam/include
[6.257s] -- Installing: /home/ssd2/color_detect/install/usb_cam/include/usb_cam
[6.257s] -- Installing: /home/ssd2/color_detect/install/usb_cam/include/usb_cam/usb_cam_node.hpp
[6.257s] -- Installing: /home/ssd2/color_detect/install/usb_cam/include/usb_cam/usb_cam.hpp
[6.257s] -- Installing: /home/ssd2/color_detect/install/usb_cam/include/usb_cam/constants.hpp
[6.257s] -- Installing: /home/ssd2/color_detect/install/usb_cam/include/usb_cam/utils.hpp
[6.257s] -- Installing: /home/ssd2/color_detect/install/usb_cam/include/usb_cam/formats
[6.257s] -- Installing: /home/ssd2/color_detect/install/usb_cam/include/usb_cam/formats/rgb.hpp
[6.257s] -- Installing: /home/ssd2/color_detect/install/usb_cam/include/usb_cam/formats/pixel_format_base.hpp
[6.257s] -- Installing: /home/ssd2/color_detect/install/usb_cam/include/usb_cam/formats/m420.hpp
[6.257s] -- Installing: /home/ssd2/color_detect/install/usb_cam/include/usb_cam/formats/uyvy.hpp
[6.257s] -- Installing: /home/ssd2/color_detect/install/usb_cam/include/usb_cam/formats/mjpeg.hpp
[6.257s] -- Installing: /home/ssd2/color_detect/install/usb_cam/include/usb_cam/formats/utils.hpp
[6.258s] -- Installing: /home/ssd2/color_detect/install/usb_cam/include/usb_cam/formats/mono.hpp
[6.258s] -- Installing: /home/ssd2/color_detect/install/usb_cam/include/usb_cam/formats/yuyv.hpp
[6.258s] -- Installing: /home/ssd2/color_detect/install/usb_cam/include/usb_cam/conversions.hpp
[6.258s] -- Up-to-date: /home/ssd2/color_detect/install/usb_cam/lib/libusb_cam_node.so
[6.258s] -- Installing: /home/ssd2/color_detect/install/usb_cam/share/usb_cam/launch
[6.258s] -- Installing: /home/ssd2/color_detect/install/usb_cam/share/usb_cam/launch/__init__.py
[6.258s] -- Installing: /home/ssd2/color_detect/install/usb_cam/share/usb_cam/launch/camera.launch.py
[6.258s] -- Installing: /home/ssd2/color_detect/install/usb_cam/share/usb_cam/launch/camera_config.py
[6.258s] -- Installing: /home/ssd2/color_detect/install/usb_cam/share/usb_cam/config
[6.258s] -- Installing: /home/ssd2/color_detect/install/usb_cam/share/usb_cam/config/params_2.yaml
[6.258s] -- Installing: /home/ssd2/color_detect/install/usb_cam/share/usb_cam/config/params_1.yaml
[6.258s] -- Installing: /home/ssd2/color_detect/install/usb_cam/share/usb_cam/config/camera_info.yaml
[6.258s] -- Installing: /home/ssd2/color_detect/install/usb_cam/share/ament_index/resource_index/package_run_dependencies/usb_cam
[6.258s] -- Installing: /home/ssd2/color_detect/install/usb_cam/share/ament_index/resource_index/parent_prefix_path/usb_cam
[6.259s] -- Installing: /home/ssd2/color_detect/install/usb_cam/share/usb_cam/environment/ament_prefix_path.sh
[6.259s] -- Installing: /home/ssd2/color_detect/install/usb_cam/share/usb_cam/environment/ament_prefix_path.dsv
[6.259s] -- Installing: /home/ssd2/color_detect/install/usb_cam/share/usb_cam/environment/path.sh
[6.259s] -- Installing: /home/ssd2/color_detect/install/usb_cam/share/usb_cam/environment/path.dsv
[6.259s] -- Installing: /home/ssd2/color_detect/install/usb_cam/share/usb_cam/local_setup.bash
[6.259s] -- Installing: /home/ssd2/color_detect/install/usb_cam/share/usb_cam/local_setup.sh
[6.259s] -- Installing: /home/ssd2/color_detect/install/usb_cam/share/usb_cam/local_setup.zsh
[6.259s] -- Installing: /home/ssd2/color_detect/install/usb_cam/share/usb_cam/local_setup.dsv
[6.259s] -- Installing: /home/ssd2/color_detect/install/usb_cam/share/usb_cam/package.dsv
[6.259s] -- Installing: /home/ssd2/color_detect/install/usb_cam/share/ament_index/resource_index/packages/usb_cam
[6.259s] -- Installing: /home/ssd2/color_detect/install/usb_cam/share/ament_index/resource_index/rclcpp_components/usb_cam
[6.259s] -- Installing: /home/ssd2/color_detect/install/usb_cam/share/usb_cam/cmake/ament_cmake_export_libraries-extras.cmake
[6.259s] -- Installing: /home/ssd2/color_detect/install/usb_cam/share/usb_cam/cmake/ament_cmake_export_dependencies-extras.cmake
[6.260s] -- Installing: /home/ssd2/color_detect/install/usb_cam/share/usb_cam/cmake/ament_cmake_export_include_directories-extras.cmake
[6.260s] -- Installing: /home/ssd2/color_detect/install/usb_cam/share/usb_cam/cmake/usb_camConfig.cmake
[6.260s] -- Installing: /home/ssd2/color_detect/install/usb_cam/share/usb_cam/cmake/usb_camConfig-version.cmake
[6.260s] -- Installing: /home/ssd2/color_detect/install/usb_cam/share/usb_cam/package.xml
[6.261s] Invoked command in '/home/ssd2/color_detect/build/usb_cam' returned '0': CMAKE_PREFIX_PATH=${CMAKE_PREFIX_PATH}:/opt/ros/humble /usr/bin/cmake --install /home/ssd2/color_detect/build/usb_cam
